<?xml version="1.0" encoding="UTF-8"?>
<testng-results ignored="0" total="1" passed="1" failed="0" skipped="0">
  <reporter-output>
  </reporter-output>
  <suite started-at="2020-07-12T11:32:16Z" name="Suite1" finished-at="2020-07-12T11:32:16Z" duration-ms="925">
    <groups>
    </groups>
    <test started-at="2020-07-12T11:32:16Z" name="Nopackage" finished-at="2020-07-12T11:32:16Z" duration-ms="925">
      <class name="test.TestComparator">
        <test-method signature="testCompareSpecialCharacterFiles()[pri:0, instance:test.TestComparator@29e13f04]" started-at="2020-07-12T11:32:16Z" name="testCompareSpecialCharacterFiles" finished-at="2020-07-12T11:32:16Z" duration-ms="902" status="PASS">
          <reporter-output>
          </reporter-output>
        </test-method> <!-- testCompareSpecialCharacterFiles -->
      </class> <!-- test.TestComparator -->
    </test> <!-- Nopackage -->
  </suite> <!-- Suite1 -->
</testng-results>
